Unity Editor version:    2021.3.25f1 (68ef2c4f8861)
Branch:                  2021.3/staging
Build type:              Release
Batch mode:              YES
macOS version:           Version 14.0 (Build 23A344)
Darwin version:          23.0.0
Architecture:            x86_64
Running under Rosetta:   NO
Available memory:        32768 MB
Using pre-set license
Pro License: YES

COMMAND LINE ARGUMENTS:
/Applications/Unity/Hub/Editor/2021.3.25f1/Unity.app/Contents/MacOS/Unity
-adb2
-batchMode
-noUpm
-name
AssetImportWorker0
-projectPath
/Users/Andrea/Dev/pet-projects/FormVsColor/FormVsColor
-logFile
Logs/AssetImportWorker0.log
-srvPort
55893
Successfully changed project path to: /Users/Andrea/Dev/pet-projects/FormVsColor/FormVsColor
/Users/Andrea/Dev/pet-projects/FormVsColor/FormVsColor
[UnityMemory] Configuration Parameters - Can be set up in boot.config
    "memorysetup-bucket-allocator-granularity=16"
    "memorysetup-bucket-allocator-bucket-count=8"
    "memorysetup-bucket-allocator-block-size=33554432"
    "memorysetup-bucket-allocator-block-count=8"
    "memorysetup-main-allocator-block-size=16777216"
    "memorysetup-thread-allocator-block-size=16777216"
    "memorysetup-gfx-main-allocator-block-size=16777216"
    "memorysetup-gfx-thread-allocator-block-size=16777216"
    "memorysetup-cache-allocator-block-size=4194304"
    "memorysetup-typetree-allocator-block-size=2097152"
    "memorysetup-profiler-bucket-allocator-granularity=16"
    "memorysetup-profiler-bucket-allocator-bucket-count=8"
    "memorysetup-profiler-bucket-allocator-block-size=33554432"
    "memorysetup-profiler-bucket-allocator-block-count=8"
    "memorysetup-profiler-allocator-block-size=16777216"
    "memorysetup-profiler-editor-allocator-block-size=1048576"
    "memorysetup-temp-allocator-size-main=16777216"
    "memorysetup-job-temp-allocator-block-size=2097152"
    "memorysetup-job-temp-allocator-block-size-background=1048576"
    "memorysetup-job-temp-allocator-reduction-small-platforms=262144"
    "memorysetup-temp-allocator-size-background-worker=32768"
    "memorysetup-temp-allocator-size-job-worker=262144"
    "memorysetup-temp-allocator-size-preload-manager=33554432"
    "memorysetup-temp-allocator-size-nav-mesh-worker=65536"
    "memorysetup-temp-allocator-size-audio-worker=65536"
    "memorysetup-temp-allocator-size-cloud-worker=32768"
    "memorysetup-temp-allocator-size-gi-baking-worker=262144"
    "memorysetup-temp-allocator-size-gfx=262144"
Player connection [140704542105216] Host "[IP] 192.168.101.117 [Port] 0 [Flags] 2 [Guid] 2996291520 [EditorId] 2996291520 [Version] 1048832 [Id] OSXEditor(0,mbp-andrea-personal.local) [Debug] 1 [PackageName] OSXEditor [ProjectName] Editor" joined multi-casting on [225.0.0.222:54997]...

Player connection [140704542105216] Host "[IP] 192.168.101.117 [Port] 0 [Flags] 2 [Guid] 2996291520 [EditorId] 2996291520 [Version] 1048832 [Id] OSXEditor(0,mbp-andrea-personal.local) [Debug] 1 [PackageName] OSXEditor [ProjectName] Editor" joined alternative multi-casting on [225.0.0.222:34997]...

Refreshing native plugins compatible for Editor in 141.29 ms, found 3 plugins.
Preloading 0 native plugins for Editor in 0.00 ms.
Initialize engine version: 2021.3.25f1 (68ef2c4f8861)
[Subsystems] Discovering subsystems at path /Applications/Unity/Hub/Editor/2021.3.25f1/Unity.app/Contents/Resources/UnitySubsystems
[Subsystems] Discovering subsystems at path /Users/Andrea/Dev/pet-projects/FormVsColor/FormVsColor/Assets
GfxDevice: creating device client; threaded=0; jobified=0
Color LCD preferred device: AMD Radeon Pro 560X (high power)
Metal devices available: 2
0: AMD Radeon Pro 560X (high power)
1: Intel(R) UHD Graphics 630 (low power)
Using device AMD Radeon Pro 560X (high power)
Initializing Metal device caps: AMD Radeon Pro 560X
Initialize mono
Mono path[0] = '/Applications/Unity/Hub/Editor/2021.3.25f1/Unity.app/Contents/Managed'
Mono path[1] = '/Applications/Unity/Hub/Editor/2021.3.25f1/Unity.app/Contents/MonoBleedingEdge/lib/mono/unityjit-macos'
Mono config path = '/Applications/Unity/Hub/Editor/2021.3.25f1/Unity.app/Contents/MonoBleedingEdge/etc'
Using monoOptions --debugger-agent=transport=dt_socket,embedding=1,server=y,suspend=n,address=127.0.0.1:56108
Begin MonoManager ReloadAssembly
Registering precompiled unity dll's ...
Register platform support module: /Applications/Unity/Hub/Editor/2021.3.25f1/PlaybackEngines/WebGLSupport/UnityEditor.WebGL.Extensions.dll
Register platform support module: /Applications/Unity/Hub/Editor/2021.3.25f1/Unity.app/Contents/PlaybackEngines/MacStandaloneSupport/UnityEditor.OSXStandalone.Extensions.dll
Registered in 0.001268 seconds.
Native extension for OSXStandalone target not found
Native extension for WebGL target not found
Refreshing native plugins compatible for Editor in 136.34 ms, found 3 plugins.
Preloading 0 native plugins for Editor in 0.00 ms.
Mono: successfully reloaded assembly
- Completed reload, in  0.927 seconds
Domain Reload Profiling:
	ReloadAssembly (928ms)
		BeginReloadAssembly (100ms)
			ExecutionOrderSort (0ms)
			DisableScriptedObjects (0ms)
			BackupInstance (0ms)
			ReleaseScriptingObjects (0ms)
			CreateAndSetChildDomain (1ms)
		EndReloadAssembly (699ms)
			LoadAssemblies (99ms)
			RebuildTransferFunctionScriptingTraits (0ms)
			SetupTypeCache (173ms)
			ReleaseScriptCaches (0ms)
			RebuildScriptCaches (48ms)
			SetupLoadedEditorAssemblies (409ms)
				LogAssemblyErrors (0ms)
				InitializePlatformSupportModulesInManaged (10ms)
				SetLoadedEditorAssemblies (0ms)
				RefreshPlugins (136ms)
				BeforeProcessingInitializeOnLoad (2ms)
				ProcessInitializeOnLoadAttributes (203ms)
				ProcessInitializeOnLoadMethodAttributes (57ms)
				AfterProcessingInitializeOnLoad (0ms)
				EditorAssembliesLoaded (0ms)
			ExecutionOrderSort2 (0ms)
			AwakeInstancesAfterBackupRestoration (0ms)
Platform modules already initialized, skipping
Registering precompiled user dll's ...
Registered in 0.003236 seconds.
Begin MonoManager ReloadAssembly
Symbol file LoadedFromMemory doesn't match image /Users/Andrea/Dev/pet-projects/FormVsColor/FormVsColor/Library/PackageCache/com.unity.visualscripting@1.8.0/Editor/VisualScripting.Core/Dependencies/YamlDotNet/Unity.VisualScripting.YamlDotNet.dll
Symbol file LoadedFromMemory doesn't match image /Users/Andrea/Dev/pet-projects/FormVsColor/FormVsColor/Library/PackageCache/com.unity.visualscripting@1.8.0/Editor/VisualScripting.Core/Dependencies/DotNetZip/Unity.VisualScripting.IonicZip.dll
Native extension for OSXStandalone target not found
Native extension for WebGL target not found
Refreshing native plugins compatible for Editor in 146.45 ms, found 3 plugins.
Preloading 0 native plugins for Editor in 0.00 ms.
Mono: successfully reloaded assembly
Package Manager log level set to [2]
- Completed reload, in  1.553 seconds
Domain Reload Profiling:
	ReloadAssembly (1554ms)
		BeginReloadAssembly (126ms)
			ExecutionOrderSort (0ms)
			DisableScriptedObjects (7ms)
			BackupInstance (0ms)
			ReleaseScriptingObjects (0ms)
			CreateAndSetChildDomain (26ms)
		EndReloadAssembly (1305ms)
			LoadAssemblies (99ms)
			RebuildTransferFunctionScriptingTraits (0ms)
			SetupTypeCache (365ms)
			ReleaseScriptCaches (1ms)
			RebuildScriptCaches (87ms)
			SetupLoadedEditorAssemblies (671ms)
				LogAssemblyErrors (0ms)
				InitializePlatformSupportModulesInManaged (7ms)
				SetLoadedEditorAssemblies (0ms)
				RefreshPlugins (146ms)
				BeforeProcessingInitializeOnLoad (126ms)
				ProcessInitializeOnLoadAttributes (349ms)
				ProcessInitializeOnLoadMethodAttributes (41ms)
				AfterProcessingInitializeOnLoad (1ms)
				EditorAssembliesLoaded (0ms)
			ExecutionOrderSort2 (0ms)
			AwakeInstancesAfterBackupRestoration (5ms)
Platform modules already initialized, skipping
========================================================================
Worker process is ready to serve import requests
Launching external process: /Applications/Unity/Hub/Editor/2021.3.25f1/Unity.app/Contents/Tools/UnityShaderCompiler
Launched and connected shader compiler UnityShaderCompiler after 0.09 seconds
Refreshing native plugins compatible for Editor in 0.81 ms, found 3 plugins.
Preloading 0 native plugins for Editor in 0.00 ms.
Unloading 4049 Unused Serialized files (Serialized files now loaded: 0)
Unloading 56 unused Assets / (169.6 KB). Loaded Objects now: 4489.
Memory consumption went from 150.0 MB to 149.9 MB.
Total: 4.758473 ms (FindLiveObjects: 0.371975 ms CreateObjectMapping: 0.366716 ms MarkObjects: 3.825075 ms  DeleteObjects: 0.193579 ms)

AssetImportParameters requested are different than current active one (requested -> active):
  custom:video-decoder-ogg-theora: a1e56fd34408186e4bbccfd4996cb3dc -> 
  custom:container-muxer-webm: aa71ff27fc2769a1b78a27578f13a17b -> 
  custom:container-demuxer-webm: 4f35f7cbe854078d1ac9338744f61a02 -> 
  custom:video-encoder-webm-vp8: eb34c28f22e8b96e1ab97ce403110664 -> 
  custom:framework-osx-AVFoundation: e770b220cccbd017edd2c1fefb359320 -> 
  custom:audio-encoder-webm-vorbis: bf7c407c2cedff20999df2af8eb42d56 -> 
  custom:container-demuxer-ogg: 62fdf1f143b41e24485cea50d1cbac27 -> 
  custom:video-decoder-webm-vp8: 9c59270c3fd7afecdb556c50c9e8de78 -> 
  custom:audio-decoder-ogg-vorbis: bf7c407c2cedff20999df2af8eb42d56 -> 
========================================================================
Received Import Request.
  Time since last request: 352186.511419 seconds.
  path: Assets/Art/Fredoka/Fredoka-VariableFont_wdth,wght.ttf
  artifactKey: Guid(491ffe1ae75f54dae8e2a66e698b9204) Importer(815301076,1909f56bfc062723c751e8b465ee728b)
Start importing Assets/Art/Fredoka/Fredoka-VariableFont_wdth,wght.ttf using Guid(491ffe1ae75f54dae8e2a66e698b9204) Importer(815301076,1909f56bfc062723c751e8b465ee728b)  -> (artifact id: '13a239bb6cb7aebf50f35e96dfbfd35e') in 0.459157 seconds 
========================================================================
Received Import Request.
  Time since last request: 54.102006 seconds.
  path: Assets/Art/Fredoka
  artifactKey: Guid(c808c43a6288a4ad8be9b0ba7426b7ae) Importer(815301076,1909f56bfc062723c751e8b465ee728b)
Start importing Assets/Art/Fredoka using Guid(c808c43a6288a4ad8be9b0ba7426b7ae) Importer(815301076,1909f56bfc062723c751e8b465ee728b)  -> (artifact id: '895a7ab2868c50272601186675bc3ae9') in 0.001454 seconds 
========================================================================
Received Import Request.
  Time since last request: 42.351396 seconds.
  path: Assets/Art/Fonts/Fredoka-VariableFont_wdth,wght SDF.asset
  artifactKey: Guid(6db614f12e5034ff68859878bcd1e660) Importer(815301076,1909f56bfc062723c751e8b465ee728b)
Start importing Assets/Art/Fonts/Fredoka-VariableFont_wdth,wght SDF.asset using Guid(6db614f12e5034ff68859878bcd1e660) Importer(815301076,1909f56bfc062723c751e8b465ee728b)  -> (artifact id: '9753124ed1139d696c9cab35eaed9fb1') in 0.243980 seconds 
========================================================================
Received Import Request.
  Time since last request: 140.877007 seconds.
  path: Assets/Art/Fonts/Fredoka-VariableFont_wdth,wght SDF.asset
  artifactKey: Guid(6db614f12e5034ff68859878bcd1e660) Importer(815301076,1909f56bfc062723c751e8b465ee728b)
Start importing Assets/Art/Fonts/Fredoka-VariableFont_wdth,wght SDF.asset using Guid(6db614f12e5034ff68859878bcd1e660) Importer(815301076,1909f56bfc062723c751e8b465ee728b)  -> (artifact id: 'b52ab20a3af7dbea076f537672cc6c7f') in 0.022093 seconds 
========================================================================
Received Import Request.
  Time since last request: 942.169175 seconds.
  path: Assets/Art/Images/all.png
  artifactKey: Guid(218cc30dce7854f3382e97241a07c7b7) Importer(815301076,1909f56bfc062723c751e8b465ee728b)
Start importing Assets/Art/Images/all.png using Guid(218cc30dce7854f3382e97241a07c7b7) Importer(815301076,1909f56bfc062723c751e8b465ee728b)  -> (artifact id: '057da7d48aecf695d30b40f3d0cd33ea') in 0.998916 seconds 
========================================================================
Received Import Request.
  Time since last request: 39.729938 seconds.
  path: Assets/Art/Images/all.png
  artifactKey: Guid(218cc30dce7854f3382e97241a07c7b7) Importer(815301076,1909f56bfc062723c751e8b465ee728b)
Start importing Assets/Art/Images/all.png using Guid(218cc30dce7854f3382e97241a07c7b7) Importer(815301076,1909f56bfc062723c751e8b465ee728b)  -> (artifact id: '3125cdd7163184d054f34549b087b03d') in 0.273455 seconds 
========================================================================
Received Import Request.
  Time since last request: 60.477598 seconds.
  path: Assets/Art/Images/all.png
  artifactKey: Guid(218cc30dce7854f3382e97241a07c7b7) Importer(815301076,1909f56bfc062723c751e8b465ee728b)
Start importing Assets/Art/Images/all.png using Guid(218cc30dce7854f3382e97241a07c7b7) Importer(815301076,1909f56bfc062723c751e8b465ee728b)  -> (artifact id: '720d8b8e29223d8fa4431a5b3ea4db45') in 0.299843 seconds 
========================================================================
Received Import Request.
  Time since last request: 107.540893 seconds.
  path: Assets/Scenes/GamePlay.unity
  artifactKey: Guid(7a0a29ab261e04509b3e381745256286) Importer(815301076,1909f56bfc062723c751e8b465ee728b)
Start importing Assets/Scenes/GamePlay.unity using Guid(7a0a29ab261e04509b3e381745256286) Importer(815301076,1909f56bfc062723c751e8b465ee728b)  -> (artifact id: 'd69203d1af5782d62b2ac0d6216fb741') in 0.002717 seconds 
========================================================================
Received Import Request.
  Time since last request: 2.130832 seconds.
  path: Assets/Scenes/MainMenu.unity
  artifactKey: Guid(6f7aeb2e0d7ce473893f8e23cc57f812) Importer(815301076,1909f56bfc062723c751e8b465ee728b)
Start importing Assets/Scenes/MainMenu.unity using Guid(6f7aeb2e0d7ce473893f8e23cc57f812) Importer(815301076,1909f56bfc062723c751e8b465ee728b)  -> (artifact id: '5477107c2ccf319ba0e4663615de745e') in 0.004796 seconds 
========================================================================
Received Import Request.
  Time since last request: 28.141669 seconds.
  path: Assets/Scenes/GamePlay.unity
  artifactKey: Guid(7a0a29ab261e04509b3e381745256286) Importer(815301076,1909f56bfc062723c751e8b465ee728b)
Start importing Assets/Scenes/GamePlay.unity using Guid(7a0a29ab261e04509b3e381745256286) Importer(815301076,1909f56bfc062723c751e8b465ee728b)  -> (artifact id: '5603cf59f27412b1d4520d289ffcadb4') in 0.001432 seconds 
========================================================================
Received Import Request.
  Time since last request: 943.331002 seconds.
  path: Assets/Scenes/Test.unity
  artifactKey: Guid(b293d690047fb41829841a26e0406e32) Importer(815301076,1909f56bfc062723c751e8b465ee728b)
Start importing Assets/Scenes/Test.unity using Guid(b293d690047fb41829841a26e0406e32) Importer(815301076,1909f56bfc062723c751e8b465ee728b)  -> (artifact id: 'ba079a98ead2b73935b4ef0b57a72861') in 0.001737 seconds 
========================================================================
Received Import Request.
  Time since last request: 26.549117 seconds.
  path: Assets/Art/Images/Rounded Corners - Coco Code package
  artifactKey: Guid(dae53ff5c6d954a058dadec2d1a6c1e0) Importer(815301076,1909f56bfc062723c751e8b465ee728b)
Start importing Assets/Art/Images/Rounded Corners - Coco Code package using Guid(dae53ff5c6d954a058dadec2d1a6c1e0) Importer(815301076,1909f56bfc062723c751e8b465ee728b)  -> (artifact id: '67cfe9c99063b684ce72fe9dbb475d83') in 0.002990 seconds 
========================================================================
Received Import Request.
  Time since last request: 0.065510 seconds.
  path: Assets/Art/Images/Rounded Corners - Coco Code package/Rounded5px.png
  artifactKey: Guid(f9df1670f8aab4db588bc2c7aaf914ad) Importer(815301076,1909f56bfc062723c751e8b465ee728b)
Start importing Assets/Art/Images/Rounded Corners - Coco Code package/Rounded5px.png using Guid(f9df1670f8aab4db588bc2c7aaf914ad) Importer(815301076,1909f56bfc062723c751e8b465ee728b)  -> (artifact id: '68cc076e99ba2fd6ecf006a4f9e9e07a') in 0.015194 seconds 
========================================================================
Received Import Request.
  Time since last request: 0.000097 seconds.
  path: Assets/Art/Images/Rounded Corners - Coco Code package/Rounded20px@4x.png
  artifactKey: Guid(90e36f68c07e6485b87c26fde4c84155) Importer(815301076,1909f56bfc062723c751e8b465ee728b)
Start importing Assets/Art/Images/Rounded Corners - Coco Code package/Rounded20px@4x.png using Guid(90e36f68c07e6485b87c26fde4c84155) Importer(815301076,1909f56bfc062723c751e8b465ee728b)  -> (artifact id: '4fa03a580075b89a930e8959397dafb9') in 0.023876 seconds 
========================================================================
Received Import Request.
  Time since last request: 0.000094 seconds.
  path: Assets/Art/Images/Rounded Corners - Coco Code package/Rounded10px@4x.png
  artifactKey: Guid(fa2e637db97b943d69e571425e3a9ee3) Importer(815301076,1909f56bfc062723c751e8b465ee728b)
Start importing Assets/Art/Images/Rounded Corners - Coco Code package/Rounded10px@4x.png using Guid(fa2e637db97b943d69e571425e3a9ee3) Importer(815301076,1909f56bfc062723c751e8b465ee728b)  -> (artifact id: '2d58881849244528e905c6997a6a82d0') in 0.019648 seconds 
========================================================================
Received Import Request.
  Time since last request: 0.000092 seconds.
  path: Assets/Art/Images/Rounded Corners - Coco Code package/Rounded40px.png
  artifactKey: Guid(5722e9858589948ba9090cf68e747e84) Importer(815301076,1909f56bfc062723c751e8b465ee728b)
Start importing Assets/Art/Images/Rounded Corners - Coco Code package/Rounded40px.png using Guid(5722e9858589948ba9090cf68e747e84) Importer(815301076,1909f56bfc062723c751e8b465ee728b)  -> (artifact id: 'fe5649c6eec2bb6f4bdc7ba6aa1a8f1e') in 0.017511 seconds 
========================================================================
Received Import Request.
  Time since last request: 0.000088 seconds.
  path: Assets/Art/Images/Rounded Corners - Coco Code package/Rounded40px@2x.png
  artifactKey: Guid(cb0b08bea441d4f1ba8262d2a09ffa2b) Importer(815301076,1909f56bfc062723c751e8b465ee728b)
Start importing Assets/Art/Images/Rounded Corners - Coco Code package/Rounded40px@2x.png using Guid(cb0b08bea441d4f1ba8262d2a09ffa2b) Importer(815301076,1909f56bfc062723c751e8b465ee728b)  -> (artifact id: '732b69a5f718019b36e4e7236df95e27') in 0.024395 seconds 
========================================================================
Received Import Request.
  Time since last request: 0.000103 seconds.
  path: Assets/Art/Images/Rounded Corners - Coco Code package/Rounded5px@4x.png
  artifactKey: Guid(5df9d643898c24773befed8d41567075) Importer(815301076,1909f56bfc062723c751e8b465ee728b)
Start importing Assets/Art/Images/Rounded Corners - Coco Code package/Rounded5px@4x.png using Guid(5df9d643898c24773befed8d41567075) Importer(815301076,1909f56bfc062723c751e8b465ee728b)  -> (artifact id: '97e3e27425cc25534680a905976b36e8') in 0.014733 seconds 
========================================================================
Received Import Request.
  Time since last request: 0.000105 seconds.
  path: Assets/Art/Images/Rounded Corners - Coco Code package/Rounded20px@2x.png
  artifactKey: Guid(45551fcaf58b644fa8c12ede746b66ba) Importer(815301076,1909f56bfc062723c751e8b465ee728b)
Start importing Assets/Art/Images/Rounded Corners - Coco Code package/Rounded20px@2x.png using Guid(45551fcaf58b644fa8c12ede746b66ba) Importer(815301076,1909f56bfc062723c751e8b465ee728b)  -> (artifact id: '9fc2382bd80adc967cefde0786f7711c') in 0.017993 seconds 
========================================================================
Received Import Request.
  Time since last request: 0.000092 seconds.
  path: Assets/Art/Images/Rounded Corners - Coco Code package/Rounded40px@4x.png
  artifactKey: Guid(7d8775fe573d949f989d296938c0275c) Importer(815301076,1909f56bfc062723c751e8b465ee728b)
Start importing Assets/Art/Images/Rounded Corners - Coco Code package/Rounded40px@4x.png using Guid(7d8775fe573d949f989d296938c0275c) Importer(815301076,1909f56bfc062723c751e8b465ee728b)  -> (artifact id: 'eafb9476200182004413667de14b0303') in 0.022156 seconds 
========================================================================
Received Import Request.
  Time since last request: 0.000130 seconds.
  path: Assets/Art/Images/Rounded Corners - Coco Code package/Rounded10px@2x.png
  artifactKey: Guid(b70780727e377400382c939d464ca0b5) Importer(815301076,1909f56bfc062723c751e8b465ee728b)
Start importing Assets/Art/Images/Rounded Corners - Coco Code package/Rounded10px@2x.png using Guid(b70780727e377400382c939d464ca0b5) Importer(815301076,1909f56bfc062723c751e8b465ee728b)  -> (artifact id: '7eaae398b8113aac546271e72acd4394') in 0.023510 seconds 
========================================================================
Received Import Request.
  Time since last request: 0.000118 seconds.
  path: Assets/Art/Images/Rounded Corners - Coco Code package/Rounded10px.png
  artifactKey: Guid(b43a2a4825f974ea6a7ada6d328a56a8) Importer(815301076,1909f56bfc062723c751e8b465ee728b)
Start importing Assets/Art/Images/Rounded Corners - Coco Code package/Rounded10px.png using Guid(b43a2a4825f974ea6a7ada6d328a56a8) Importer(815301076,1909f56bfc062723c751e8b465ee728b)  -> (artifact id: '087d2c1f799a88a5c383b2bc584f402c') in 0.019618 seconds 
========================================================================
Received Import Request.
  Time since last request: 0.000081 seconds.
  path: Assets/Art/Images/Rounded Corners - Coco Code package/Rounded20px.png
  artifactKey: Guid(1f66e106bda5c452181c8e30b9e99dc3) Importer(815301076,1909f56bfc062723c751e8b465ee728b)
Start importing Assets/Art/Images/Rounded Corners - Coco Code package/Rounded20px.png using Guid(1f66e106bda5c452181c8e30b9e99dc3) Importer(815301076,1909f56bfc062723c751e8b465ee728b)  -> (artifact id: '6a0d9bcfd6e932089cd7bcf5219171ab') in 0.016341 seconds 
========================================================================
Received Import Request.
  Time since last request: 0.976145 seconds.
  path: Assets/Art/Images/Rounded Corners - Coco Code package/Read me - tutorial.pdf
  artifactKey: Guid(8a2ccc02a854748659f06ab2cec97c7a) Importer(815301076,1909f56bfc062723c751e8b465ee728b)
Start importing Assets/Art/Images/Rounded Corners - Coco Code package/Read me - tutorial.pdf using Guid(8a2ccc02a854748659f06ab2cec97c7a) Importer(815301076,1909f56bfc062723c751e8b465ee728b)  -> (artifact id: '7a44d7369547915404218f5d2614e51a') in 0.123085 seconds 
